#
# There is insufficient memory for the Java Runtime Environment to continue.
# Native memory allocation (mmap) failed to map 266338304 bytes for G1 virtual space
# Possible reasons:
#   The system is out of physical RAM or swap space
#   The process is running with CompressedOops enabled, and the Java Heap may be blocking the growth of the native heap
# Possible solutions:
#   Reduce memory load on the system
#   Increase physical memory or swap space
#   Check if swap backing store is full
#   Decrease Java heap size (-Xmx/-Xms)
#   Decrease number of Java threads
#   Decrease Java thread stack sizes (-Xss)
#   Set larger code cache with -XX:ReservedCodeCacheSize=
#   JVM is running with Zero Based Compressed Oops mode in which the Java heap is
#     placed in the first 32GB address space. The Java Heap base address is the
#     maximum limit for the native heap growth. Please use -XX:HeapBaseMinAddress
#     to set the Java Heap base and to place the Java Heap above 32GB virtual address.
# This output file may be truncated or incomplete.
#
#  Out of Memory Error (os_windows.cpp:3528), pid=13620, tid=6328
#
# JRE version:  (20.0.2+9) (build )
# Java VM: Java HotSpot(TM) 64-Bit Server VM (20.0.2+9-78, mixed mode, sharing, tiered, compressed oops, compressed class ptrs, g1 gc, windows-amd64)
# No core dump will be written. Minidumps are not enabled by default on client versions of Windows
#

---------------  S U M M A R Y ------------

Command Line: -Dclassworlds.conf=C:\Program Files\NetBeans-19\netbeans\java\maven\bin\m2.conf -Dmaven.home=C:\Program Files\NetBeans-19\netbeans\java\maven -Dlibrary.jansi.path=C:\Program Files\NetBeans-19\netbeans\java\maven\lib\jansi-native -Dmaven.multiModuleProjectDirectory=C:\Users\Aishwarya\Documents\NetBeansProjects\Ooppro org.codehaus.plexus.classworlds.launcher.Launcher -Dtest=vnb.ooppro.**.*Test -Dmaven.ext.class.path=C:\Program Files\NetBeans-19\netbeans\java\maven-nblib\netbeans-eventspy.jar --no-transfer-progress process-test-classes surefire:test

Host: Intel(R) Core(TM) i7-7500U CPU @ 2.70GHz, 4 cores, 15G,  Windows 10 , 64 bit Build 19041 (10.0.19041.1889)
Time: Fri Nov  3 16:17:34 2023 India Standard Time elapsed time: 0.030555 seconds (0d 0h 0m 0s)

---------------  T H R E A D  ---------------

Current thread (0x0000028e379e2510):  JavaThread "Unknown thread" [_thread_in_vm, id=6328, stack(0x0000009511700000,0x0000009511800000)]

Stack: [0x0000009511700000,0x0000009511800000]
Native frames: (J=compiled Java code, j=interpreted, Vv=VM code, C=native code)
V  [jvm.dll+0x6bc25a]
V  [jvm.dll+0x84971a]
V  [jvm.dll+0x84b315]
V  [jvm.dll+0x84ba13]
V  [jvm.dll+0x280e4f]
V  [jvm.dll+0x6b8fe9]
V  [jvm.dll+0x6adbca]
V  [jvm.dll+0x35b165]
V  [jvm.dll+0x363386]
V  [jvm.dll+0x3b400e]
V  [jvm.dll+0x3b4295]
V  [jvm.dll+0x32b86a]
V  [jvm.dll+0x32c68b]
V  [jvm.dll+0x8123df]
V  [jvm.dll+0x3c1261]
V  [jvm.dll+0x7fe103]
V  [jvm.dll+0x44ccaf]
V  [jvm.dll+0x44e621]
C  [jli.dll+0x5287]
C  [ucrtbase.dll+0x21bb2]
C  [KERNEL32.DLL+0x17034]
C  [ntdll.dll+0x52651]


---------------  P R O C E S S  ---------------

Threads class SMR info:
_java_thread_list=0x00007ffd0b2bb118, length=0, elements={
}

Java Threads: ( => current thread )

Other Threads:
  0x0000028e37a4e9b0 WorkerThread "GC Thread#0" [stack: 0x0000009511800000,0x0000009511900000] [id=11896]
  0x0000028e37a9f7b0 ConcurrentGCThread "G1 Main Marker" [stack: 0x0000009511900000,0x0000009511a00000] [id=8120]
  0x0000028e37aa11f0 WorkerThread "G1 Conc#0" [stack: 0x0000009511a00000,0x0000009511b00000] [id=12180]

[error occurred during error reporting (printing all threads), id 0xc0000005, EXCEPTION_ACCESS_VIOLATION (0xc0000005) at pc=0x00007ffd0aa9eea7]
VM state: not at safepoint (not fully initialized)

VM Mutex/Monitor currently owned by a thread:  ([mutex/lock_event])
[0x0000028e379dc170] Heap_lock - owner thread: 0x0000028e379e2510

Heap address: 0x0000000702600000, size: 4058 MB, Compressed Oops mode: Zero based, Oop shift amount: 3

CDS archive(s) mapped at: [0x0000000000000000-0x0000000000000000-0x0000000000000000), size 0, SharedBaseAddress: 0x0000000800000000, ArchiveRelocationMode: 1.
Narrow klass base: 0x0000000000000000, Narrow klass shift: 0, Narrow klass range: 0x0

GC Precious Log:
 CardTable entry size: 512
 Card Set container configuration: InlinePtr #cards 4 size 8 Array Of Cards #cards 16 size 48 Howl #buckets 8 coarsen threshold 3686 Howl Bitmap #cards 512 size 80 coarsen threshold 460 Card regions per heap region 1 cards per card region 4096

Heap:
 garbage-first heap   total 0K, used 0K [0x0000000702600000, 0x0000000800000000)
  region size 2048K, 0 young (0K), 0 survivors (0K)

[error occurred during error reporting (printing heap information), id 0xc0000005, EXCEPTION_ACCESS_VIOLATION (0xc0000005) at pc=0x00007ffd0ae747b9]
GC Heap History (0 events):
No events

Dll operation events (1 events):
Event: 0.017 Loaded shared library C:\Program Files\Java\jdk-20\bin\java.dll

Deoptimization events (0 events):
No events

Classes loaded (0 events):
No events

Classes unloaded (0 events):
No events

Classes redefined (0 events):
No events

Internal exceptions (0 events):
No events

VM Operations (0 events):
No events

Events (0 events):
No events


Dynamic libraries:
0x00007ff759a70000 - 0x00007ff759a80000 	C:\Program Files\Java\jdk-20\bin\java.exe
0x00007ffd711d0000 - 0x00007ffd713c8000 	C:\WINDOWS\SYSTEM32\ntdll.dll
0x00007ffd701d0000 - 0x00007ffd7028d000 	C:\WINDOWS\System32\KERNEL32.DLL
0x00007ffd6ee20000 - 0x00007ffd6f0ee000 	C:\WINDOWS\System32\KERNELBASE.dll
0x00007ffd6ec50000 - 0x00007ffd6ed50000 	C:\WINDOWS\System32\ucrtbase.dll
0x00007ffd57f50000 - 0x00007ffd57f6b000 	C:\Program Files\Java\jdk-20\bin\VCRUNTIME140.dll
0x00007ffd69060000 - 0x00007ffd69079000 	C:\Program Files\Java\jdk-20\bin\jli.dll
0x00007ffd70fa0000 - 0x00007ffd7104e000 	C:\WINDOWS\System32\ADVAPI32.dll
0x00007ffd6f350000 - 0x00007ffd6f3ee000 	C:\WINDOWS\System32\msvcrt.dll
0x00007ffd70470000 - 0x00007ffd7050c000 	C:\WINDOWS\System32\sechost.dll
0x00007ffd70640000 - 0x00007ffd70765000 	C:\WINDOWS\System32\RPCRT4.dll
0x00007ffd6f4c0000 - 0x00007ffd6f660000 	C:\WINDOWS\System32\USER32.dll
0x00007ffd6eac0000 - 0x00007ffd6eae2000 	C:\WINDOWS\System32\win32u.dll
0x00007ffd5cd10000 - 0x00007ffd5cfaa000 	C:\WINDOWS\WinSxS\amd64_microsoft.windows.common-controls_6595b64144ccf1df_6.0.19041.1110_none_60b5254171f9507e\COMCTL32.dll
0x00007ffd6f6e0000 - 0x00007ffd6f70a000 	C:\WINDOWS\System32\GDI32.dll
0x00007ffd6e9b0000 - 0x00007ffd6eabb000 	C:\WINDOWS\System32\gdi32full.dll
0x00007ffd6ed50000 - 0x00007ffd6eded000 	C:\WINDOWS\System32\msvcp_win.dll
0x00007ffd67000000 - 0x00007ffd6700a000 	C:\WINDOWS\SYSTEM32\VERSION.dll
0x00007ffd703b0000 - 0x00007ffd703e0000 	C:\WINDOWS\System32\IMM32.DLL
0x00007ffd69090000 - 0x00007ffd6909c000 	C:\Program Files\Java\jdk-20\bin\vcruntime140_1.dll
0x00007ffd33a70000 - 0x00007ffd33afe000 	C:\Program Files\Java\jdk-20\bin\msvcp140.dll
0x00007ffd0a760000 - 0x00007ffd0b3f8000 	C:\Program Files\Java\jdk-20\bin\server\jvm.dll
0x00007ffd5c370000 - 0x00007ffd5c397000 	C:\WINDOWS\SYSTEM32\WINMM.dll
0x00007ffd57540000 - 0x00007ffd57549000 	C:\WINDOWS\SYSTEM32\WSOCK32.dll
0x00007ffd71120000 - 0x00007ffd7118b000 	C:\WINDOWS\System32\WS2_32.dll
0x00007ffd6d1d0000 - 0x00007ffd6d1e2000 	C:\WINDOWS\SYSTEM32\kernel.appcore.dll
0x00007ffd69020000 - 0x00007ffd6902a000 	C:\Program Files\Java\jdk-20\bin\jimage.dll
0x00007ffd6ce90000 - 0x00007ffd6d074000 	C:\WINDOWS\SYSTEM32\DBGHELP.DLL
0x00007ffd54ea0000 - 0x00007ffd54ecc000 	C:\WINDOWS\SYSTEM32\dbgcore.DLL
0x00007ffd6f0f0000 - 0x00007ffd6f172000 	C:\WINDOWS\System32\bcryptPrimitives.dll
0x00007ffd34e40000 - 0x00007ffd34e66000 	C:\Program Files\Java\jdk-20\bin\java.dll

dbghelp: loaded successfully - version: 4.0.5 - missing functions: none
symbol engine: initialized successfully - sym options: 0x614 - pdb path: .;C:\Program Files\Java\jdk-20\bin;C:\WINDOWS\SYSTEM32;C:\WINDOWS\WinSxS\amd64_microsoft.windows.common-controls_6595b64144ccf1df_6.0.19041.1110_none_60b5254171f9507e;C:\Program Files\Java\jdk-20\bin\server

VM Arguments:
jvm_args: -Dclassworlds.conf=C:\Program Files\NetBeans-19\netbeans\java\maven\bin\m2.conf -Dmaven.home=C:\Program Files\NetBeans-19\netbeans\java\maven -Dlibrary.jansi.path=C:\Program Files\NetBeans-19\netbeans\java\maven\lib\jansi-native -Dmaven.multiModuleProjectDirectory=C:\Users\Aishwarya\Documents\NetBeansProjects\Ooppro 
java_command: org.codehaus.plexus.classworlds.launcher.Launcher -Dtest=vnb.ooppro.**.*Test -Dmaven.ext.class.path=C:\Program Files\NetBeans-19\netbeans\java\maven-nblib\netbeans-eventspy.jar --no-transfer-progress process-test-classes surefire:test
java_class_path (initial): C:\Program Files\NetBeans-19\netbeans\java\maven\boot\plexus-classworlds-2.7.0.jar
Launcher Type: SUN_STANDARD

[Global flags]
     intx CICompilerCount                          = 3                                         {product} {ergonomic}
     uint ConcGCThreads                            = 1                                         {product} {ergonomic}
     uint G1ConcRefinementThreads                  = 4                                         {product} {ergonomic}
   size_t G1HeapRegionSize                         = 2097152                                   {product} {ergonomic}
    uintx GCDrainStackTargetSize                   = 64                                        {product} {ergonomic}
   size_t InitialHeapSize                          = 266338304                                 {product} {ergonomic}
   size_t MarkStackSize                            = 4194304                                   {product} {ergonomic}
   size_t MaxHeapSize                              = 4255121408                                {product} {ergonomic}
   size_t MinHeapDeltaBytes                        = 2097152                                   {product} {ergonomic}
   size_t MinHeapSize                              = 8388608                                   {product} {ergonomic}
    uintx NonNMethodCodeHeapSize                   = 5832780                                {pd product} {ergonomic}
    uintx NonProfiledCodeHeapSize                  = 122912730                              {pd product} {ergonomic}
    uintx ProfiledCodeHeapSize                     = 122912730                              {pd product} {ergonomic}
    uintx ReservedCodeCacheSize                    = 251658240                              {pd product} {ergonomic}
     bool SegmentedCodeCache                       = true                                      {product} {ergonomic}
   size_t SoftMaxHeapSize                          = 4255121408                             {manageable} {ergonomic}
     bool UseCompressedClassPointers               = true                           {product lp64_product} {ergonomic}
     bool UseCompressedOops                        = true                           {product lp64_product} {ergonomic}
     bool UseG1GC                                  = true                                      {product} {ergonomic}
     bool UseLargePagesIndividualAllocation        = false                                  {pd product} {ergonomic}

Logging:
Log output configuration:
 #0: stdout all=warning uptime,level,tags foldmultilines=false
 #1: stderr all=off uptime,level,tags foldmultilines=false

Environment Variables:
JAVA_HOME=C:\Program Files\Java\jdk-20
PATH=C:\Program Files\Common Files\Oracle\Java\javapath;C:\Program Files (x86)\Common Files\Oracle\Java\javapath;C:\Program Files\Intel\iCLS Client\;C:\Windows\system32;C:\Windows;C:\Windows\System32\Wbem;C:\Windows\System32\WindowsPowerShell\v1.0\;C:\Program Files (x86)\NVIDIA Corporation\PhysX\Common;C:\WINDOWS\system32;C:\WINDOWS;C:\WINDOWS\System32\Wbem;C:\WINDOWS\System32\WindowsPowerShell\v1.0\;C:\WINDOWS\System32\OpenSSH\;C:\Program Files\Common Files\Autodesk Shared\;C:\Program Files\Microsoft SQL Server\120\Tools\Binn\;C:\Program Files (x86)\Intel\Intel(R) Management Engine Components\DAL;C:\Program Files\Intel\Intel(R) Management Engine Components\DAL;C:\Program Files\Intel\WiFi\bin\;C:\Program Files\Common Files\Intel\WirelessCommon\;C:\Program Files\NVIDIA Corporation\NVIDIA NvDLISR;C:\WINDOWS\system32;C:\WINDOWS;C:\WINDOWS\System32\Wbem;C:\WINDOWS\System32\WindowsPowerShell\v1.0\;C:\WINDOWS\System32\OpenSSH\;C:\Program Files\dotnet\;C:\Program Files\Git\cmd;D:\downloads\Git LFS;D:\msys64\mingw64\bin;C:\Users\Aishwarya\AppData\Local\Microsoft\WindowsApps;C:\Users\Aishwarya\.dotnet\tools;C:\Users\Aishwarya\AppData\Local\Programs\Microsoft VS Code\bin;
USERNAME=Aishwarya
OS=Windows_NT
PROCESSOR_IDENTIFIER=Intel64 Family 6 Model 142 Stepping 9, GenuineIntel
TMP=C:\Users\Aishwarya\AppData\Local\Temp
TEMP=C:\Users\Aishwarya\AppData\Local\Temp




---------------  S Y S T E M  ---------------

OS:
 Windows 10 , 64 bit Build 19041 (10.0.19041.1889)
OS uptime: 0 days 1:52 hours

CPU: total 4 (initial active 4) (2 cores per cpu, 2 threads per core) family 6 model 142 stepping 9 microcode 0xde, cx8, cmov, fxsr, ht, mmx, 3dnowpref, sse, sse2, sse3, ssse3, sse4.1, sse4.2, popcnt, lzcnt, tsc, tscinvbit, avx, avx2, aes, erms, clmul, bmi1, bmi2, adx, fma, vzeroupper, clflush, clflushopt, rdtscp, f16c

Memory: 4k page, system-wide physical 16227M (648M free)
TotalPageFile size 29785M (AvailPageFile size 54M)
current process WorkingSet (physical memory assigned to process): 10M, peak: 10M
current process commit charge ("private bytes"): 52M, peak: 306M

vm_info: Java HotSpot(TM) 64-Bit Server VM (20.0.2+9-78) for windows-amd64 JRE (20.0.2+9-78), built on 2023-06-14T10:08:48Z by "mach5one" with MS VC++ 17.1 (VS2022)

END.
